Arguments: 
  /usr/local/bin/node /usr/local/bin/yarn add @types/fs-exists

PATH: 
  /opt/homebrew/bin:/opt/homebrew/sbin:/usr/local/bin:/usr/bin:/bin:/usr/sbin:/sbin:/opt/homebrew/bin:/opt/homebrew/sbin:/Users/bryce94/Library/Android/sdk/tools:/Users/bryce94/Library/Android/sdk/platform-tools:/Applications/flutter/bin:/Users/bryce94/Library/Android/sdk/tools:/Users/bryce94/Library/Android/sdk/platform-tools:/Applications/flutter/bin

Yarn version: 
  1.22.17

Node version: 
  16.13.0

Platform: 
  darwin arm64

Trace: 
  Error: https://registry.npmmirror.com/@types%2ffs-exists: [NOT_FOUND] @types/fs-exists not found
      at Request.params.callback [as _callback] (/usr/local/lib/node_modules/yarn/lib/cli.js:67029:18)
      at Request.self.callback (/usr/local/lib/node_modules/yarn/lib/cli.js:140883:22)
      at Request.emit (node:events:390:28)
      at Request.<anonymous> (/usr/local/lib/node_modules/yarn/lib/cli.js:141855:10)
      at Request.emit (node:events:390:28)
      at Gunzip.<anonymous> (/usr/local/lib/node_modules/yarn/lib/cli.js:141777:12)
      at Object.onceWrapper (node:events:509:28)
      at Gunzip.emit (node:events:390:28)
      at endReadableNT (node:internal/streams/readable:1343:12)
      at processTicksAndRejections (node:internal/process/task_queues:83:21)

npm manifest: 
  {
    "name": "tg-transform",
    "version": "1.0.0",
    "description": "",
    "main": "index.js",
    "scripts": {
      "test": "echo \"Error: no test specified\" && exit 1",
      "build": "rimraf ./build && tsc",
      "serve": "npm run build && node ./build/main/index.js",
      "dev": "ts-node ./core/main/index.ts"
    },
    "author": "",
    "license": "ISC",
    "dependencies": {
      "@babel/generator": "^7.18.7",
      "@babel/parser": "^7.18.6",
      "@babel/traverse": "^7.18.6",
      "@vue/compiler-sfc": "^3.2.37",
      "tslib": "^2.4.0",
      "typescript": "^4.7.4"
    },
    "devDependencies": {
      "@starptech/hast-util-from-webparser": "^0.10.0",
      "@starptech/prettyhtml-hast-to-html": "^0.10.0",
      "@starptech/webparser": "^0.10.0",
      "@types/babel__generator": "^7.6.4",
      "@types/babel__traverse": "^7.17.1",
      "@types/node": "^18.0.3",
      "fs-exists": "^0.1.1",
      "rimraf": "^3.0.2",
      "ts-node": "^10.8.2"
    }
  }

yarn manifest: 
  No manifest

Lockfile: 
  No lockfile
